Will fetch 4870 endpoint calls for 974 tickers
[1/4870] AURA income -> OK
[2/4870] AURA balance -> OK
[3/4870] AURA cashflow -> OK
[4/4870] AURA earnings -> OK
[5/4870] AURA overview -> OK
[6/4870] AEC income -> OK
[7/4870] AEC balance -> OK
[8/4870] AEC cashflow -> OK
[9/4870] AEC earnings -> OK
[10/4870] AEC overview -> OK
[11/4870] META income -> OK
[12/4870] META balance -> OK
[13/4870] META cashflow -> OK
[14/4870] META earnings -> OK
[15/4870] META overview -> OK
[16/4870] HCA income -> OK
[17/4870] HCA balance -> OK
[18/4870] HCA cashflow -> OK
[19/4870] HCA earnings -> OK
[20/4870] HCA overview -> OK
[21/4870] CARR income -> OK
[22/4870] CARR balance -> OK
[23/4870] CARR cashflow -> OK
[24/4870] CARR earnings -> OK
[25/4870] CARR overview -> OK
[26/4870] ABVEW income -> OK
[27/4870] ABVEW balance -> OK
[28/4870] ABVEW cashflow -> OK
[29/4870] ABVEW earnings -> OK
[30/4870] ABVEW overview -> OK
[31/4870] MCHP income -> OK
[32/4870] MCHP balance -> OK
[33/4870] MCHP cashflow -> OK
[34/4870] MCHP earnings -> OK
[35/4870] MCHP overview -> OK
[36/4870] AIPI income -> OK
[37/4870] AIPI balance -> OK
[38/4870] AIPI cashflow -> OK
[39/4870] AIPI earnings -> OK
[40/4870] AIPI overview -> OK
[41/4870] TMUS income -> OK
[42/4870] TMUS balance -> OK
[43/4870] TMUS cashflow -> OK
[44/4870] TMUS earnings -> OK
[45/4870] TMUS overview -> OK
[46/4870] PGR income -> OK
[47/4870] PGR balance -> OK
[48/4870] PGR cashflow -> OK
[49/4870] PGR earnings -> OK
[50/4870] PGR overview -> OK
[51/4870] DVN income -> OK
[52/4870] DVN balance -> OK
[53/4870] DVN cashflow -> OK
[54/4870] DVN earnings -> OK
[55/4870] DVN overview -> OK
[56/4870] ARCB income -> OK
[57/4870] ARCB balance -> OK
[58/4870] ARCB cashflow -> OK
[59/4870] ARCB earnings -> OK
[60/4870] ARCB overview -> OK
[61/4870] AIHS income -> OK
[62/4870] AIHS balance -> OK
[63/4870] AIHS cashflow -> OK
[64/4870] AIHS earnings -> OK
[65/4870] AIHS overview -> OK
[66/4870] CSCO income -> OK
[67/4870] CSCO balance -> OK
[68/4870] CSCO cashflow -> OK
[69/4870] CSCO earnings -> OK
[70/4870] CSCO overview -> OK
[71/4870] GOOGL income -> OK
[72/4870] GOOGL balance -> OK
[73/4870] GOOGL cashflow -> OK
[74/4870] GOOGL earnings -> OK
[75/4870] GOOGL overview -> OK
[76/4870] ADXN income -> OK
[77/4870] ADXN balance -> OK
[78/4870] ADXN cashflow -> OK
[79/4870] ADXN earnings -> OK
[80/4870] ADXN overview -> OK
[81/4870] FB income -> OK
[82/4870] FB balance -> OK
[83/4870] FB cashflow -> OK
[84/4870] FB earnings -> OK
[85/4870] FB overview -> OK
[86/4870] ALLO income -> OK
[87/4870] ALLO balance -> OK
[88/4870] ALLO cashflow -> OK
[89/4870] ALLO earnings -> OK
[90/4870] ALLO overview -> OK
[91/4870] AMUN income -> OK
[92/4870] AMUN balance -> OK
[93/4870] AMUN cashflow -> OK
[94/4870] AMUN earnings -> OK
[95/4870] AMUN overview -> OK
[96/4870] IDXX income -> OK
[97/4870] IDXX balance -> OK
[98/4870] IDXX cashflow -> OK
[99/4870] IDXX earnings -> OK
[100/4870] IDXX overview -> OK
[101/4870] APPX income -> OK
[102/4870] APPX balance -> OK
[103/4870] APPX cashflow -> OK
[104/4870] APPX earnings -> OK
[105/4870] APPX overview -> OK
[106/4870] ALMS income -> OK
[107/4870] ALMS balance -> OK
[108/4870] ALMS cashflow -> OK
[109/4870] ALMS earnings -> OK
[110/4870] ALMS overview -> OK
[111/4870] INTC income -> OK
[112/4870] INTC balance -> OK
[113/4870] INTC cashflow -> OK
[114/4870] INTC earnings -> OK
[115/4870] INTC overview -> OK
[116/4870] GOOG income -> OK
[117/4870] GOOG balance -> OK
[118/4870] GOOG cashflow -> OK
[119/4870] GOOG earnings -> OK
[120/4870] GOOG overview -> OK
[121/4870] AAUS income -> OK
[122/4870] AAUS balance -> OK
[123/4870] AAUS cashflow -> OK
[124/4870] AAUS earnings -> OK
[125/4870] AAUS overview -> OK
[126/4870] ACHV income -> OK
[127/4870] ACHV balance -> OK
[128/4870] ACHV cashflow -> OK
[129/4870] ACHV earnings -> OK
[130/4870] ACHV overview -> OK
[131/4870] TROW income -> OK
[132/4870] TROW balance -> OK
[133/4870] TROW cashflow -> OK
[134/4870] TROW earnings -> OK
[135/4870] TROW overview -> OK
[136/4870] APLS income -> OK
[137/4870] APLS balance -> OK
[138/4870] APLS cashflow -> OK
[139/4870] APLS earnings -> OK
[140/4870] APLS overview -> OK
[141/4870] DLTR income -> OK
[142/4870] DLTR balance -> OK
[143/4870] DLTR cashflow -> OK
[144/4870] DLTR earnings -> OK
[145/4870] DLTR overview -> OK
[146/4870] MPWR income -> OK
[147/4870] MPWR balance -> OK
[148/4870] MPWR cashflow -> OK
[149/4870] MPWR earnings -> OK
[150/4870] MPWR overview -> OK
[151/4870] OMC income -> OK
[152/4870] OMC balance -> OK
[153/4870] OMC cashflow -> OK
[154/4870] OMC earnings -> OK
[155/4870] OMC overview -> OK
[156/4870] AMDD income -> OK
[157/4870] AMDD balance -> OK
[158/4870] AMDD cashflow -> OK
[159/4870] AMDD earnings -> OK
[160/4870] AMDD overview -> OK
[161/4870] DXC income -> OK
[162/4870] DXC balance -> OK
[163/4870] DXC cashflow -> OK
[164/4870] DXC earnings -> OK
[165/4870] DXC overview -> OK
[166/4870] AKBA income -> OK
[167/4870] AKBA balance -> OK
[168/4870] AKBA cashflow -> OK
[169/4870] AKBA earnings -> OK
[170/4870] AKBA overview -> OK
[171/4870] MO income -> OK
[172/4870] MO balance -> OK
[173/4870] MO cashflow -> OK
[174/4870] MO earnings -> OK
[175/4870] MO overview -> OK
[176/4870] ANEB income -> OK
[177/4870] ANEB balance -> OK
[178/4870] ANEB cashflow -> OK
[179/4870] ANEB earnings -> OK
[180/4870] ANEB overview -> OK
[181/4870] ATOS income -> OK
[182/4870] ATOS balance -> OK
[183/4870] ATOS cashflow -> OK
[184/4870] ATOS earnings -> OK
[185/4870] ATOS overview -> OK
[186/4870] CMI income -> OK
[187/4870] CMI balance -> OK
[188/4870] CMI cashflow -> OK
[189/4870] CMI earnings -> OK
[190/4870] CMI overview -> OK
[191/4870] KEYS income -> OK
[192/4870] KEYS balance -> OK
[193/4870] KEYS cashflow -> OK
[194/4870] KEYS earnings -> OK
[195/4870] KEYS overview -> OK
[196/4870] ACIU income -> OK
[197/4870] ACIU balance -> OK
[198/4870] ACIU cashflow -> OK
[199/4870] ACIU earnings -> OK
[200/4870] ACIU overview -> OK
[201/4870] RCL income -> OK
[202/4870] RCL balance -> OK
[203/4870] RCL cashflow -> OK
[204/4870] RCL earnings -> OK
[205/4870] RCL overview -> OK
[206/4870] ALTS income -> OK
[207/4870] ALTS balance -> OK
[208/4870] ALTS cashflow -> OK
[209/4870] ALTS earnings -> OK
[210/4870] ALTS overview -> OK
[211/4870] TGT income -> OK
[212/4870] TGT balance -> OK
[213/4870] TGT cashflow -> OK
[214/4870] TGT earnings -> OK
[215/4870] TGT overview -> OK
[216/4870] PLTR income -> OK
[217/4870] PLTR balance -> OK
[218/4870] PLTR cashflow -> OK
[219/4870] PLTR earnings -> OK
[220/4870] PLTR overview -> OK
[221/4870] FANG income -> OK
[222/4870] FANG balance -> OK
[223/4870] FANG cashflow -> OK
[224/4870] FANG earnings -> OK
[225/4870] FANG overview -> OK
[226/4870] PHM income -> OK
[227/4870] PHM balance -> OK
[228/4870] PHM cashflow -> OK
[229/4870] PHM earnings -> OK
[230/4870] PHM overview -> OK
[231/4870] RMD income -> OK
[232/4870] RMD balance -> OK
[233/4870] RMD cashflow -> OK
[234/4870] RMD earnings -> OK
[235/4870] RMD overview -> OK
[236/4870] ASTH income -> OK
[237/4870] ASTH balance -> OK
[238/4870] ASTH cashflow -> OK
[239/4870] ASTH earnings -> OK
[240/4870] ASTH overview -> OK
[241/4870] ASPCU income -> OK
[242/4870] ASPCU balance -> OK
[243/4870] ASPCU cashflow -> OK
[244/4870] ASPCU earnings -> OK
[245/4870] ASPCU overview -> OK
[246/4870] ACLX income -> OK
[247/4870] ACLX balance -> OK
[248/4870] ACLX cashflow -> OK
[249/4870] ACLX earnings -> OK
[250/4870] ACLX overview -> OK
[251/4870] ORCL income -> OK
[252/4870] ORCL balance -> OK
[253/4870] ORCL cashflow -> OK
[254/4870] ORCL earnings -> OK
[255/4870] ORCL overview -> OK
[256/4870] LOW income -> OK
[257/4870] LOW balance -> OK
[258/4870] LOW cashflow -> OK
[259/4870] LOW earnings -> OK
[260/4870] LOW overview -> OK
[261/4870] FSLR income -> OK
[262/4870] FSLR balance -> OK
[263/4870] FSLR cashflow -> OK
[264/4870] FSLR earnings -> OK
[265/4870] FSLR overview -> OK
[266/4870] ASTS income -> OK
[267/4870] ASTS balance -> OK
[268/4870] ASTS cashflow -> OK
[269/4870] ASTS earnings -> OK
[270/4870] ASTS overview -> OK
[271/4870] AHCO income -> OK
[272/4870] AHCO balance -> OK
[273/4870] AHCO cashflow -> OK
[274/4870] AHCO earnings -> OK
[275/4870] AHCO overview -> OK
[276/4870] STLD income -> OK
[277/4870] STLD balance -> OK
[278/4870] STLD cashflow -> OK
[279/4870] STLD earnings -> OK
[280/4870] STLD overview -> OK
[281/4870] AKTX income -> OK
[282/4870] AKTX balance -> OK
[283/4870] AKTX cashflow -> OK
[284/4870] AKTX earnings -> OK
[285/4870] AKTX overview -> OK
[286/4870] BIO income -> OK
[287/4870] BIO balance -> OK
[288/4870] BIO cashflow -> OK
[289/4870] BIO earnings -> OK
[290/4870] BIO overview -> OK
[291/4870] ENPH income -> OK
[292/4870] ENPH balance -> OK
[293/4870] ENPH cashflow -> OK
[294/4870] ENPH earnings -> OK
[295/4870] ENPH overview -> OK
[296/4870] AEMD income -> OK
[297/4870] AEMD balance -> OK
[298/4870] AEMD cashflow -> OK
[299/4870] AEMD earnings -> OK
[300/4870] AEMD overview -> OK
[301/4870] PFE income -> OK
[302/4870] PFE balance -> OK
[303/4870] PFE cashflow -> OK
[304/4870] PFE earnings -> OK
[305/4870] PFE overview -> OK
[306/4870] MAR income -> OK
[307/4870] MAR balance -> OK
[308/4870] MAR cashflow -> OK
[309/4870] MAR earnings -> OK
[310/4870] MAR overview -> OK
[311/4870] SCHW income -> OK
[312/4870] SCHW balance -> OK
[313/4870] SCHW cashflow -> OK
[314/4870] SCHW earnings -> OK
[315/4870] SCHW overview -> OK
[316/4870] AMST income -> OK
[317/4870] AMST balance -> OK
[318/4870] AMST cashflow -> OK
[319/4870] AMST earnings -> OK
[320/4870] AMST overview -> OK
[321/4870] CCI income -> OK
[322/4870] CCI balance -> OK
[323/4870] CCI cashflow -> OK
[324/4870] CCI earnings -> OK
[325/4870] CCI overview -> OK
[326/4870] AGNCL income -> OK
[327/4870] AGNCL balance -> OK
[328/4870] AGNCL cashflow -> OK
[329/4870] AGNCL earnings -> OK
[330/4870] AGNCL overview -> OK
[331/4870] FCX income -> OK
[332/4870] FCX balance -> OK
[333/4870] FCX cashflow -> OK
[334/4870] FCX earnings -> OK
[335/4870] FCX overview -> OK
[336/4870] WY income -> OK
[337/4870] WY balance -> OK
[338/4870] WY cashflow -> OK
[339/4870] WY earnings -> OK
[340/4870] WY overview -> OK
[341/4870] VZ income -> OK
[342/4870] VZ balance -> OK
[343/4870] VZ cashflow -> OK
[344/4870] VZ earnings -> OK
[345/4870] VZ overview -> OK
[346/4870] ALIS income -> OK
[347/4870] ALIS balance -> OK
[348/4870] ALIS cashflow -> OK
[349/4870] ALIS earnings -> OK
[350/4870] ALIS overview -> OK
[351/4870] ACGLN income -> OK
[352/4870] ACGLN balance -> OK
[353/4870] ACGLN cashflow -> OK
[354/4870] ACGLN earnings -> OK
[355/4870] ACGLN overview -> OK
[356/4870] AAPB income -> OK
[357/4870] AAPB balance -> OK
[358/4870] AAPB cashflow -> OK
[359/4870] AAPB earnings -> OK
[360/4870] AAPB overview -> OK
[361/4870] KDP income -> OK
[362/4870] KDP balance -> OK
[363/4870] KDP cashflow -> OK
[364/4870] KDP earnings -> OK
[365/4870] KDP overview -> OK
[366/4870] ACON income -> OK
[367/4870] ACON balance -> OK
[368/4870] ACON cashflow -> OK
[369/4870] ACON earnings -> OK
[370/4870] ACON overview -> OK
[371/4870] ALL income -> OK
[372/4870] ALL balance -> OK
[373/4870] ALL cashflow -> OK
[374/4870] ALL earnings -> OK
[375/4870] ALL overview -> OK
[376/4870] NOW income -> OK
[377/4870] NOW balance -> OK
[378/4870] NOW cashflow -> OK
[379/4870] NOW earnings -> OK
[380/4870] NOW overview -> OK
[381/4870] CDNS income -> OK
[382/4870] CDNS balance -> OK
[383/4870] CDNS cashflow -> OK
[384/4870] CDNS earnings -> OK
[385/4870] CDNS overview -> OK
[386/4870] ANSCU income -> OK
[387/4870] ANSCU balance -> OK
[388/4870] ANSCU cashflow -> OK
[389/4870] ANSCU earnings -> OK
[390/4870] ANSCU overview -> OK
[391/4870] APA income -> OK
[392/4870] APA balance -> OK
[393/4870] APA cashflow -> OK
[394/4870] APA earnings -> OK
[395/4870] APA overview -> OK
[396/4870] CBOE income -> OK
[397/4870] CBOE balance -> OK
[398/4870] CBOE cashflow -> OK
[399/4870] CBOE earnings -> OK
[400/4870] CBOE overview -> OK
[401/4870] ANIK income -> OK
[402/4870] ANIK balance -> OK
[403/4870] ANIK cashflow -> OK
[404/4870] ANIK earnings -> OK
[405/4870] ANIK overview -> OK
[406/4870] XYL income -> OK
[407/4870] XYL balance -> OK
[408/4870] XYL cashflow -> OK
[409/4870] XYL earnings -> OK
[410/4870] XYL overview -> OK
[411/4870] AMZD income -> OK
[412/4870] AMZD balance -> OK
[413/4870] AMZD cashflow -> OK
[414/4870] AMZD earnings -> OK
[415/4870] AMZD overview -> OK
[416/4870] LII income -> OK
[417/4870] LII balance -> OK
[418/4870] LII cashflow -> OK
[419/4870] LII earnings -> OK
[420/4870] LII overview -> OK
[421/4870] APPF income -> OK
[422/4870] APPF balance -> OK
[423/4870] APPF cashflow -> OK
[424/4870] APPF earnings -> OK
[425/4870] APPF overview -> OK
[426/4870] ARQQW income -> OK
[427/4870] ARQQW balance -> OK
[428/4870] ARQQW cashflow -> OK
[429/4870] ARQQW earnings -> OK
[430/4870] ARQQW overview -> OK
[431/4870] NSC income -> OK
[432/4870] NSC balance -> OK
[433/4870] NSC cashflow -> OK
[434/4870] NSC earnings -> OK
[435/4870] NSC overview -> OK
[436/4870] ATHR income -> OK
[437/4870] ATHR balance -> OK
[438/4870] ATHR cashflow -> OK
[439/4870] ATHR earnings -> OK
[440/4870] ATHR overview -> OK
[441/4870] PH income -> OK
[442/4870] PH balance -> OK
[443/4870] PH cashflow -> OK
[444/4870] PH earnings -> OK
[445/4870] PH overview -> OK
[446/4870] MCO income -> OK
[447/4870] MCO balance -> OK
[448/4870] MCO cashflow -> OK
[449/4870] MCO earnings -> OK
[450/4870] MCO overview -> OK
[451/4870] TDG income -> OK
[452/4870] TDG balance -> OK
[453/4870] TDG cashflow -> OK
[454/4870] TDG earnings -> OK
[455/4870] TDG overview -> OK
[456/4870] PFG income -> OK
[457/4870] PFG balance -> OK
[458/4870] PFG cashflow -> OK
[459/4870] PFG earnings -> OK
[460/4870] PFG overview -> OK
[461/4870] ABUS income -> OK
[462/4870] ABUS balance -> OK
[463/4870] ABUS cashflow -> OK
[464/4870] ABUS earnings -> OK
[465/4870] ABUS overview -> OK
[466/4870] FOXA income -> OK
[467/4870] FOXA balance -> OK
[468/4870] FOXA cashflow -> OK
[469/4870] FOXA earnings -> OK
[470/4870] FOXA overview -> OK
[471/4870] EW income -> OK
[472/4870] EW balance -> OK
[473/4870] EW cashflow -> OK
[474/4870] EW earnings -> OK
[475/4870] EW overview -> OK
[476/4870] ABTC income -> OK
[477/4870] ABTC balance -> OK
[478/4870] ABTC cashflow -> OK
[479/4870] ABTC earnings -> OK
[480/4870] ABTC overview -> OK
[481/4870] AQMS income -> OK
[482/4870] AQMS balance -> OK
[483/4870] AQMS cashflow -> OK
[484/4870] AQMS earnings -> OK
[485/4870] AQMS overview -> OK
[486/4870] ALBT income -> OK
[487/4870] ALBT balance -> OK
[488/4870] ALBT cashflow -> OK
[489/4870] ALBT earnings -> OK
[490/4870] ALBT overview -> OK
[491/4870] KMI income -> OK
[492/4870] KMI balance -> OK
[493/4870] KMI cashflow -> OK
[494/4870] KMI earnings -> OK
[495/4870] KMI overview -> OK
[496/4870] ARLP income -> OK
[497/4870] ARLP balance -> OK
[498/4870] ARLP cashflow -> OK
[499/4870] ARLP earnings -> OK
[500/4870] ARLP overview -> OK
[501/4870] HPE income -> OK
[502/4870] HPE balance -> OK
[503/4870] HPE cashflow -> OK
[504/4870] HPE earnings -> OK
[505/4870] HPE overview -> OK
[506/4870] SBAC income -> OK
[507/4870] SBAC balance -> OK
[508/4870] SBAC cashflow -> OK
[509/4870] SBAC earnings -> OK
[510/4870] SBAC overview -> OK
[511/4870] COR income -> OK
[512/4870] COR balance -> OK
[513/4870] COR cashflow -> OK
[514/4870] COR earnings -> OK
[515/4870] COR overview -> OK
[516/4870] NOV income -> OK
[517/4870] NOV balance -> OK
[518/4870] NOV cashflow -> OK
[519/4870] NOV earnings -> OK
[520/4870] NOV overview -> OK
[521/4870] AVB income -> OK
[522/4870] AVB balance -> OK
[523/4870] AVB cashflow -> OK
[524/4870] AVB earnings -> OK
[525/4870] AVB overview -> OK
[526/4870] T income -> OK
[527/4870] T balance -> OK
[528/4870] T cashflow -> OK
[529/4870] T earnings -> OK
[530/4870] T overview -> OK
[531/4870] ALRS income -> OK
[532/4870] ALRS balance -> OK
[533/4870] ALRS cashflow -> OK
[534/4870] ALRS earnings -> OK
[535/4870] ALRS overview -> OK
[536/4870] BA income -> OK
[537/4870] BA balance -> OK
[538/4870] BA cashflow -> OK
[539/4870] BA earnings -> OK
[540/4870] BA overview -> OK
[541/4870] PVH income -> OK
[542/4870] PVH balance -> OK
[543/4870] PVH cashflow -> OK
[544/4870] PVH earnings -> OK
[545/4870] PVH overview -> OK
[546/4870] DAL income -> OK
[547/4870] DAL balance -> OK
